<?xml version="1.0" encoding="UTF-8"?>
<!-- Generated by org.testng.reporters.JUnitReportReporter -->
<testsuite hostname="DESKTOP-P4N61A7" failures="0" tests="4" name="maven1.Demo2" time="0.000" errors="0" timestamp="2022-05-31T17:21:17 IST" skipped="4">
  <testcase classname="maven1.Demo2" name="testB" time="0.000">
    <skipped/>
  </testcase> <!-- testB -->
  <system-out/>
  <testcase classname="maven1.Demo2" name="testA" time="0.000">
    <skipped/>
  </testcase> <!-- testA -->
  <system-out/>
  <testcase classname="maven1.Demo2" name="testA" time="0.000">
    <skipped/>
  </testcase> <!-- testA -->
  <system-out/>
  <testcase classname="maven1.Demo2" name="testB" time="0.000">
    <skipped/>
  </testcase> <!-- testB -->
  <system-out/>
</testsuite> <!-- maven1.Demo2 -->
